build/app/intermediates/manifest_merge_blame_file/debug/manifest-merger-blame-debug-report.txt
1<?xml version="1.0" encoding="utf-8"?>
2<manifest xmlns:android="http://schemas.android.com/apk/res/android"
3    package="com.example.flutter_complete_guide"
4    android:versionCode="1"
5    android:versionName="1.0.0" >
6
7    <uses-sdk
8        android:minSdkVersion="23"
9        android:targetSdkVersion="30" />
10    <!--
11         The INTERNET permission is required for development. Specifically,
12         the Flutter tool needs it to communicate with the running application
13         to allow setting breakpoints, to provide hot reload, etc.
14    -->
15    <uses-permission android:name="android.permission.INTERNET" />
15-->src\debug\AndroidManifest.xml:7:5-66
15-->src\debug\AndroidManifest.xml:7:22-64
16    <uses-permission android:name="android.permission.ACCESS_NETWORK_STATE" />
16-->src\main\AndroidManifest.xml:3:5-79
16-->src\main\AndroidManifest.xml:3:22-76
17    <uses-permission
17-->[:file_picker] AndroidManifest.xml:7:5-9:38
18        android:name="android.permission.READ_EXTERNAL_STORAGE"
18-->[:file_picker] AndroidManifest.xml:8:9-64
19        android:maxSdkVersion="32" />
19-->[:file_picker] AndroidManifest.xml:9:9-35
20
21    <queries>
21-->[:file_picker] AndroidManifest.xml:11:5-17:15
22        <intent>
22-->[:file_picker] AndroidManifest.xml:12:9-16:18
23            <action android:name="android.intent.action.GET_CONTENT" />
23-->[:file_picker] AndroidManifest.xml:13:13-72
23-->[:file_picker] AndroidManifest.xml:13:21-69
24
25            <data android:mimeType="*/*" />
25-->[:file_picker] AndroidManifest.xml:15:13-44
25-->[:file_picker] AndroidManifest.xml:15:19-41
26        </intent>
27    </queries>
28
29    <uses-permission android:name="android.permission.WAKE_LOCK" /> <!-- Permissions options for the `notification` group -->
29-->[:firebase_messaging] AndroidManifest.xml:8:5-68
29-->[:firebase_messaging] AndroidManifest.xml:8:22-65
30    <uses-permission android:name="android.permission.POST_NOTIFICATIONS" />
30-->[:firebase_messaging] AndroidManifest.xml:11:5-77
30-->[:firebase_messaging] AndroidManifest.xml:11:22-74
31    <uses-permission android:name="android.permission.VIBRATE" /> <!-- Required by older versions of Google Play services to create IID tokens -->
31-->[:flutter_local_notifications] AndroidManifest.xml:7:5-66
31-->[:flutter_local_notifications] AndroidManifest.xml:7:22-63
32    <uses-permission android:name="com.google.android.c2dm.permission.RECEIVE" />
32-->[com.google.firebase:firebase-messaging:24.0.3] AndroidManifest.xml:26:5-82
32-->[com.google.firebase:firebase-messaging:24.0.3] AndroidManifest.xml:26:22-79
33    <uses-permission android:name="com.google.android.providers.gsf.permission.READ_GSERVICES" />
33-->[com.google.android.recaptcha:recaptcha:18.5.1] AndroidManifest.xml:9:5-98
33-->[com.google.android.recaptcha:recaptcha:18.5.1] AndroidManifest.xml:9:22-95
34
35    <permission
35-->[androidx.core:core:1.13.1] AndroidManifest.xml:22:5-24:47
36        android:name="com.example.flutter_complete_guide.DYNAMIC_RECEIVER_NOT_EXPORTED_PERMISSION"
36-->[androidx.core:core:1.13.1] AndroidManifest.xml:23:9-81
37        android:protectionLevel="signature" />
37-->[androidx.core:core:1.13.1] AndroidManifest.xml:24:9-44
38
39    <uses-permission android:name="com.example.flutter_complete_guide.DYNAMIC_RECEIVER_NOT_EXPORTED_PERMISSION" />
39-->[androidx.core:core:1.13.1] AndroidManifest.xml:26:5-97
39-->[androidx.core:core:1.13.1] AndroidManifest.xml:26:22-94
40
41    <application
42        android:name="android.app.Application"
43        android:appComponentFactory="androidx.core.app.CoreComponentFactory"
43-->[androidx.core:core:1.13.1] AndroidManifest.xml:28:18-86
44        android:debuggable="true"
45        android:extractNativeLibs="false"
46        android:icon="@mipmap/ic_launcher"
47        android:label="Eventcible" >
48        <activity
49            android:name="com.example.flutter_complete_guide.MainActivity"
50            android:configChanges="orientation|keyboardHidden|keyboard|screenSize|smallestScreenSize|locale|layoutDirection|fontScale|screenLayout|density|uiMode"
51            android:exported="true"
52            android:hardwareAccelerated="true"
53            android:launchMode="singleTop"
54            android:theme="@style/LaunchTheme"
55            android:windowSoftInputMode="adjustResize" >
56
57            <!--
58                 Specifies an Android theme to apply to this Activity as soon as
59                 the Android process has started. This theme is visible to the user
60                 while the Flutter UI initializes. After that, this theme continues
61                 to determine the Window background behind the Flutter UI.
62            -->
63            <meta-data
64                android:name="io.flutter.embedding.android.NormalTheme"
65                android:resource="@style/NormalTheme" />
66
67            <intent-filter>
68                <action android:name="android.intent.action.MAIN" />
69
70                <category android:name="android.intent.category.LAUNCHER" />
71            </intent-filter>
72        </activity>
73        <!--
74             Don't delete the meta-data below.
75             This is used by the Flutter tool to generate GeneratedPluginRegistrant.java
76        -->
77        <meta-data
78            android:name="flutterEmbedding"
79            android:value="2" />
80
81        <service
81-->[:cloud_firestore] AndroidManifest.xml:8:9-12:19
82            android:name="com.google.firebase.components.ComponentDiscoveryService"
82-->[:cloud_firestore] AndroidManifest.xml:8:18-89
83            android:directBootAware="true"
83-->[com.google.firebase:firebase-common:21.0.0] AndroidManifest.xml:32:13-43
84            android:exported="false" >
84-->[com.google.firebase:firebase-firestore:25.1.1] AndroidManifest.xml:16:13-37
85            <meta-data
85-->[:cloud_firestore] AndroidManifest.xml:9:13-11:85
86                android:name="com.google.firebase.components:io.flutter.plugins.firebase.firestore.FlutterFirebaseFirestoreRegistrar"
86-->[:cloud_firestore] AndroidManifest.xml:10:17-134
87                android:value="com.google.firebase.components.ComponentRegistrar" />
87-->[:cloud_firestore] AndroidManifest.xml:11:17-82
88            <meta-data
88-->[:firebase_auth] AndroidManifest.xml:9:13-11:85
89                android:name="com.google.firebase.components:io.flutter.plugins.firebase.auth.FlutterFirebaseAuthRegistrar"
89-->[:firebase_auth] AndroidManifest.xml:10:17-124
90                android:value="com.google.firebase.components.ComponentRegistrar" />
90-->[:firebase_auth] AndroidManifest.xml:11:17-82
91            <meta-data
91-->[:firebase_database] AndroidManifest.xml:9:13-11:85
92                android:name="com.google.firebase.components:io.flutter.plugins.firebase.database.FlutterFirebaseAppRegistrar"
92-->[:firebase_database] AndroidManifest.xml:10:17-127
93                android:value="com.google.firebase.components.ComponentRegistrar" />
93-->[:firebase_database] AndroidManifest.xml:11:17-82
94            <meta-data
94-->[:firebase_messaging] AndroidManifest.xml:36:13-38:85
95                android:name="com.google.firebase.components:io.flutter.plugins.firebase.messaging.FlutterFirebaseAppRegistrar"
95-->[:firebase_messaging] AndroidManifest.xml:37:17-128
96                android:value="com.google.firebase.components.ComponentRegistrar" />
96-->[:firebase_messaging] AndroidManifest.xml:38:17-82
97            <meta-data
97-->[:firebase_storage] AndroidManifest.xml:9:13-11:85
98                android:name="com.google.firebase.components:io.flutter.plugins.firebase.storage.FlutterFirebaseAppRegistrar"
98-->[:firebase_storage] AndroidManifest.xml:10:17-126
99                android:value="com.google.firebase.components.ComponentRegistrar" />
99-->[:firebase_storage] AndroidManifest.xml:11:17-82
100            <meta-data
100-->[:firebase_core] AndroidManifest.xml:9:13-11:85
101                android:name="com.google.firebase.components:io.flutter.plugins.firebase.core.FlutterFirebaseCoreRegistrar"
101-->[:firebase_core] AndroidManifest.xml:10:17-124
102                android:value="com.google.firebase.components.ComponentRegistrar" />
102-->[:firebase_core] AndroidManifest.xml:11:17-82
103            <meta-data
103-->[com.google.firebase:firebase-firestore:25.1.1] AndroidManifest.xml:17:13-19:85
104                android:name="com.google.firebase.components:com.google.firebase.firestore.FirebaseFirestoreKtxRegistrar"
104-->[com.google.firebase:firebase-firestore:25.1.1] AndroidManifest.xml:18:17-122
105                android:value="com.google.firebase.components.ComponentRegistrar" />
105-->[com.google.firebase:firebase-firestore:25.1.1] AndroidManifest.xml:19:17-82
106            <meta-data
106-->[com.google.firebase:firebase-firestore:25.1.1] AndroidManifest.xml:20:13-22:85
107                android:name="com.google.firebase.components:com.google.firebase.firestore.FirestoreRegistrar"
107-->[com.google.firebase:firebase-firestore:25.1.1] AndroidManifest.xml:21:17-111
108                android:value="com.google.firebase.components.ComponentRegistrar" />
108-->[com.google.firebase:firebase-firestore:25.1.1] AndroidManifest.xml:22:17-82
109            <meta-data
109-->[com.google.firebase:firebase-auth:23.1.0] AndroidManifest.xml:69:13-71:85
110                android:name="com.google.firebase.components:com.google.firebase.auth.FirebaseAuthRegistrar"
110-->[com.google.firebase:firebase-auth:23.1.0] AndroidManifest.xml:70:17-109
111                android:value="com.google.firebase.components.ComponentRegistrar" />
111-->[com.google.firebase:firebase-auth:23.1.0] AndroidManifest.xml:71:17-82
112            <meta-data
112-->[com.google.firebase:firebase-database:21.0.0] AndroidManifest.xml:29:13-31:85
113                android:name="com.google.firebase.components:com.google.firebase.database.FirebaseDatabaseKtxRegistrar"
113-->[com.google.firebase:firebase-database:21.0.0] AndroidManifest.xml:30:17-120
114                android:value="com.google.firebase.components.ComponentRegistrar" />
114-->[com.google.firebase:firebase-database:21.0.0] AndroidManifest.xml:31:17-82
115            <meta-data
115-->[com.google.firebase:firebase-database:21.0.0] AndroidManifest.xml:32:13-34:85
116                android:name="com.google.firebase.components:com.google.firebase.database.DatabaseRegistrar"
116-->[com.google.firebase:firebase-database:21.0.0] AndroidManifest.xml:33:17-109
117                android:value="com.google.firebase.components.ComponentRegistrar" />
117-->[com.google.firebase:firebase-database:21.0.0] AndroidManifest.xml:34:17-82
118            <meta-data
118-->[com.google.firebase:firebase-messaging:24.0.3] AndroidManifest.xml:57:13-59:85
119                android:name="com.google.firebase.components:com.google.firebase.messaging.FirebaseMessagingKtxRegistrar"
119-->[com.google.firebase:firebase-messaging:24.0.3] AndroidManifest.xml:58:17-122
120                android:value="com.google.firebase.components.ComponentRegistrar" />
120-->[com.google.firebase:firebase-messaging:24.0.3] AndroidManifest.xml:59:17-82
121            <meta-data
121-->[com.google.firebase:firebase-messaging:24.0.3] AndroidManifest.xml:60:13-62:85
122                android:name="com.google.firebase.components:com.google.firebase.messaging.FirebaseMessagingRegistrar"
122-->[com.google.firebase:firebase-messaging:24.0.3] AndroidManifest.xml:61:17-119
123                android:value="com.google.firebase.components.ComponentRegistrar" />
123-->[com.google.firebase:firebase-messaging:24.0.3] AndroidManifest.xml:62:17-82
124            <meta-data
124-->[com.google.firebase:firebase-storage:21.0.1] AndroidManifest.xml:30:13-32:85
125                android:name="com.google.firebase.components:com.google.firebase.storage.FirebaseStorageKtxRegistrar"
125-->[com.google.firebase:firebase-storage:21.0.1] AndroidManifest.xml:31:17-118
126                android:value="com.google.firebase.components.ComponentRegistrar" />
126-->[com.google.firebase:firebase-storage:21.0.1] AndroidManifest.xml:32:17-82
127            <meta-data
127-->[com.google.firebase:firebase-storage:21.0.1] AndroidManifest.xml:33:13-35:85
128                android:name="com.google.firebase.components:com.google.firebase.storage.StorageRegistrar"
128-->[com.google.firebase:firebase-storage:21.0.1] AndroidManifest.xml:34:17-107
129                android:value="com.google.firebase.components.ComponentRegistrar" />
129-->[com.google.firebase:firebase-storage:21.0.1] AndroidManifest.xml:35:17-82
130            <meta-data
130-->[com.google.firebase:firebase-installations:18.0.0] AndroidManifest.xml:15:13-17:85
131                android:name="com.google.firebase.components:com.google.firebase.installations.FirebaseInstallationsKtxRegistrar"
131-->[com.google.firebase:firebase-installations:18.0.0] AndroidManifest.xml:16:17-130
132                android:value="com.google.firebase.components.ComponentRegistrar" />
132-->[com.google.firebase:firebase-installations:18.0.0] AndroidManifest.xml:17:17-82
133            <meta-data
133-->[com.google.firebase:firebase-installations:18.0.0] AndroidManifest.xml:18:13-20:85
134                android:name="com.google.firebase.components:com.google.firebase.installations.FirebaseInstallationsRegistrar"
134-->[com.google.firebase:firebase-installations:18.0.0] AndroidManifest.xml:19:17-127
135                android:value="com.google.firebase.components.ComponentRegistrar" />
135-->[com.google.firebase:firebase-installations:18.0.0] AndroidManifest.xml:20:17-82
136            <meta-data
136-->[com.google.firebase:firebase-appcheck:18.0.0] AndroidManifest.xml:25:13-27:85
137                android:name="com.google.firebase.components:com.google.firebase.appcheck.FirebaseAppCheckKtxRegistrar"
137-->[com.google.firebase:firebase-appcheck:18.0.0] AndroidManifest.xml:26:17-120
138                android:value="com.google.firebase.components.ComponentRegistrar" />
138-->[com.google.firebase:firebase-appcheck:18.0.0] AndroidManifest.xml:27:17-82
139            <meta-data
139-->[com.google.firebase:firebase-appcheck:18.0.0] AndroidManifest.xml:28:13-30:85
140                android:name="com.google.firebase.components:com.google.firebase.appcheck.FirebaseAppCheckRegistrar"
140-->[com.google.firebase:firebase-appcheck:18.0.0] AndroidManifest.xml:29:17-117
141                android:value="com.google.firebase.components.ComponentRegistrar" />
141-->[com.google.firebase:firebase-appcheck:18.0.0] AndroidManifest.xml:30:17-82
142            <meta-data
142-->[com.google.firebase:firebase-common-ktx:21.0.0] AndroidManifest.xml:12:13-14:85
143                android:name="com.google.firebase.components:com.google.firebase.ktx.FirebaseCommonLegacyRegistrar"
143-->[com.google.firebase:firebase-common-ktx:21.0.0] AndroidManifest.xml:13:17-116
144                android:value="com.google.firebase.components.ComponentRegistrar" />
144-->[com.google.firebase:firebase-common-ktx:21.0.0] AndroidManifest.xml:14:17-82
145            <meta-data
145-->[com.google.firebase:firebase-common:21.0.0] AndroidManifest.xml:35:13-37:85
146                android:name="com.google.firebase.components:com.google.firebase.FirebaseCommonKtxRegistrar"
146-->[com.google.firebase:firebase-common:21.0.0] AndroidManifest.xml:36:17-109
147                android:value="com.google.firebase.components.ComponentRegistrar" />
147-->[com.google.firebase:firebase-common:21.0.0] AndroidManifest.xml:37:17-82
148            <meta-data
148-->[com.google.firebase:firebase-datatransport:18.2.0] AndroidManifest.xml:25:13-27:85
149                android:name="com.google.firebase.components:com.google.firebase.datatransport.TransportRegistrar"
149-->[com.google.firebase:firebase-datatransport:18.2.0] AndroidManifest.xml:26:17-115
150                android:value="com.google.firebase.components.ComponentRegistrar" />
150-->[com.google.firebase:firebase-datatransport:18.2.0] AndroidManifest.xml:27:17-82
151        </service>
152        <service
152-->[:firebase_messaging] AndroidManifest.xml:14:9-17:72
153            android:name="io.flutter.plugins.firebase.messaging.FlutterFirebaseMessagingBackgroundService"
153-->[:firebase_messaging] AndroidManifest.xml:15:13-107
154            android:exported="false"
154-->[:firebase_messaging] AndroidManifest.xml:16:13-37
155            android:permission="android.permission.BIND_JOB_SERVICE" />
155-->[:firebase_messaging] AndroidManifest.xml:17:13-69
156        <service
156-->[:firebase_messaging] AndroidManifest.xml:18:9-24:19
157            android:name="io.flutter.plugins.firebase.messaging.FlutterFirebaseMessagingService"
157-->[:firebase_messaging] AndroidManifest.xml:19:13-97
158            android:exported="false" >
158-->[:firebase_messaging] AndroidManifest.xml:20:13-37
159            <intent-filter>
159-->[:firebase_messaging] AndroidManifest.xml:21:13-23:29
160                <action android:name="com.google.firebase.MESSAGING_EVENT" />
160-->[:firebase_messaging] AndroidManifest.xml:22:17-78
160-->[:firebase_messaging] AndroidManifest.xml:22:25-75
161            </intent-filter>
162        </service>
163
164        <receiver
164-->[:firebase_messaging] AndroidManifest.xml:26:9-33:20
165            android:name="io.flutter.plugins.firebase.messaging.FlutterFirebaseMessagingReceiver"
165-->[:firebase_messaging] AndroidManifest.xml:27:13-98
166            android:exported="true"
166-->[:firebase_messaging] AndroidManifest.xml:28:13-36
167            android:permission="com.google.android.c2dm.permission.SEND" >
167-->[:firebase_messaging] AndroidManifest.xml:29:13-73
168            <intent-filter>
168-->[:firebase_messaging] AndroidManifest.xml:30:13-32:29
169                <action android:name="com.google.android.c2dm.intent.RECEIVE" />
169-->[:firebase_messaging] AndroidManifest.xml:31:17-81
169-->[:firebase_messaging] AndroidManifest.xml:31:25-78
170            </intent-filter>
171        </receiver>
172
173        <provider
173-->[:firebase_messaging] AndroidManifest.xml:41:9-45:38
174            android:name="io.flutter.plugins.firebase.messaging.FlutterFirebaseMessagingInitProvider"
174-->[:firebase_messaging] AndroidManifest.xml:42:13-102
175            android:authorities="com.example.flutter_complete_guide.flutterfirebasemessaginginitprovider"
175-->[:firebase_messaging] AndroidManifest.xml:43:13-88
176            android:exported="false"
176-->[:firebase_messaging] AndroidManifest.xml:44:13-37
177            android:initOrder="99" />
177-->[:firebase_messaging] AndroidManifest.xml:45:13-35
178        <provider
178-->[:image_picker_android] AndroidManifest.xml:9:9-17:20
179            android:name="io.flutter.plugins.imagepicker.ImagePickerFileProvider"
179-->[:image_picker_android] AndroidManifest.xml:10:13-82
180            android:authorities="com.example.flutter_complete_guide.flutter.image_provider"
180-->[:image_picker_android] AndroidManifest.xml:11:13-74
181            android:exported="false"
181-->[:image_picker_android] AndroidManifest.xml:12:13-37
182            android:grantUriPermissions="true" >
182-->[:image_picker_android] AndroidManifest.xml:13:13-47
183            <meta-data
183-->[:image_picker_android] AndroidManifest.xml:14:13-16:75
184                android:name="android.support.FILE_PROVIDER_PATHS"
184-->[:image_picker_android] AndroidManifest.xml:15:17-67
185                android:resource="@xml/flutter_image_picker_file_paths" />
185-->[:image_picker_android] AndroidManifest.xml:16:17-72
186        </provider> <!-- Trigger Google Play services to install the backported photo picker module. -->
187        <service
187-->[:image_picker_android] AndroidManifest.xml:19:9-31:19
188            android:name="com.google.android.gms.metadata.ModuleDependencies"
188-->[:image_picker_android] AndroidManifest.xml:20:13-78
189            android:enabled="false"
189-->[:image_picker_android] AndroidManifest.xml:21:13-36
190            android:exported="false" >
190-->[:image_picker_android] AndroidManifest.xml:22:13-37
191            <intent-filter>
191-->[:image_picker_android] AndroidManifest.xml:24:13-26:29
192                <action android:name="com.google.android.gms.metadata.MODULE_DEPENDENCIES" />
192-->[:image_picker_android] AndroidManifest.xml:25:17-94
192-->[:image_picker_android] AndroidManifest.xml:25:25-91
193            </intent-filter>
194
195            <meta-data
195-->[:image_picker_android] AndroidManifest.xml:28:13-30:36
196                android:name="photopicker_activity:0:required"
196-->[:image_picker_android] AndroidManifest.xml:29:17-63
197                android:value="" />
197-->[:image_picker_android] AndroidManifest.xml:30:17-33
198        </service>
199
200        <activity
200-->[:url_launcher_android] AndroidManifest.xml:8:9-11:74
201            android:name="io.flutter.plugins.urllauncher.WebViewActivity"
201-->[:url_launcher_android] AndroidManifest.xml:9:13-74
202            android:exported="false"
202-->[:url_launcher_android] AndroidManifest.xml:10:13-37
203            android:theme="@android:style/Theme.NoTitleBar.Fullscreen" />
203-->[:url_launcher_android] AndroidManifest.xml:11:13-71
204        <activity
204-->[com.google.firebase:firebase-auth:23.1.0] AndroidManifest.xml:29:9-46:20
205            android:name="com.google.firebase.auth.internal.GenericIdpActivity"
205-->[com.google.firebase:firebase-auth:23.1.0] AndroidManifest.xml:30:13-80
206            android:excludeFromRecents="true"
206-->[com.google.firebase:firebase-auth:23.1.0] AndroidManifest.xml:31:13-46
207            android:exported="true"
207-->[com.google.firebase:firebase-auth:23.1.0] AndroidManifest.xml:32:13-36
208            android:launchMode="singleTask"
208-->[com.google.firebase:firebase-auth:23.1.0] AndroidManifest.xml:33:13-44
209            android:theme="@android:style/Theme.Translucent.NoTitleBar" >
209-->[com.google.firebase:firebase-auth:23.1.0] AndroidManifest.xml:34:13-72
210            <intent-filter>
210-->[com.google.firebase:firebase-auth:23.1.0] AndroidManifest.xml:35:13-45:29
211                <action android:name="android.intent.action.VIEW" />
211-->[com.google.firebase:firebase-auth:23.1.0] AndroidManifest.xml:36:17-69
211-->[com.google.firebase:firebase-auth:23.1.0] AndroidManifest.xml:36:25-66
212
213                <category android:name="android.intent.category.DEFAULT" />
213-->[com.google.firebase:firebase-auth:23.1.0] AndroidManifest.xml:38:17-76
213-->[com.google.firebase:firebase-auth:23.1.0] AndroidManifest.xml:38:27-73
214                <category android:name="android.intent.category.BROWSABLE" />
214-->[com.google.firebase:firebase-auth:23.1.0] AndroidManifest.xml:39:17-78
214-->[com.google.firebase:firebase-auth:23.1.0] AndroidManifest.xml:39:27-75
215
216                <data
216-->[:file_picker] AndroidManifest.xml:15:13-44
217                    android:host="firebase.auth"
218                    android:path="/"
219                    android:scheme="genericidp" />
220            </intent-filter>
221        </activity>
222        <activity
222-->[com.google.firebase:firebase-auth:23.1.0] AndroidManifest.xml:47:9-64:20
223            android:name="com.google.firebase.auth.internal.RecaptchaActivity"
223-->[com.google.firebase:firebase-auth:23.1.0] AndroidManifest.xml:48:13-79
224            android:excludeFromRecents="true"
224-->[com.google.firebase:firebase-auth:23.1.0] AndroidManifest.xml:49:13-46
225            android:exported="true"
225-->[com.google.firebase:firebase-auth:23.1.0] AndroidManifest.xml:50:13-36
226            android:launchMode="singleTask"
226-->[com.google.firebase:firebase-auth:23.1.0] AndroidManifest.xml:51:13-44
227            android:theme="@android:style/Theme.Translucent.NoTitleBar" >
227-->[com.google.firebase:firebase-auth:23.1.0] AndroidManifest.xml:52:13-72
228            <intent-filter>
228-->[com.google.firebase:firebase-auth:23.1.0] AndroidManifest.xml:53:13-63:29
229                <action android:name="android.intent.action.VIEW" />
229-->[com.google.firebase:firebase-auth:23.1.0] AndroidManifest.xml:36:17-69
229-->[com.google.firebase:firebase-auth:23.1.0] AndroidManifest.xml:36:25-66
230
231                <category android:name="android.intent.category.DEFAULT" />
231-->[com.google.firebase:firebase-auth:23.1.0] AndroidManifest.xml:38:17-76
231-->[com.google.firebase:firebase-auth:23.1.0] AndroidManifest.xml:38:27-73
232                <category android:name="android.intent.category.BROWSABLE" />
232-->[com.google.firebase:firebase-auth:23.1.0] AndroidManifest.xml:39:17-78
232-->[com.google.firebase:firebase-auth:23.1.0] AndroidManifest.xml:39:27-75
233
234                <data
234-->[:file_picker] AndroidManifest.xml:15:13-44
235                    android:host="firebase.auth"
236                    android:path="/"
237                    android:scheme="recaptcha" />
238            </intent-filter>
239        </activity>
240
241        <receiver
241-->[com.google.firebase:firebase-messaging:24.0.3] AndroidManifest.xml:29:9-40:20
242            android:name="com.google.firebase.iid.FirebaseInstanceIdReceiver"
242-->[com.google.firebase:firebase-messaging:24.0.3] AndroidManifest.xml:30:13-78
243            android:exported="true"
243-->[com.google.firebase:firebase-messaging:24.0.3] AndroidManifest.xml:31:13-36
244            android:permission="com.google.android.c2dm.permission.SEND" >
244-->[com.google.firebase:firebase-messaging:24.0.3] AndroidManifest.xml:32:13-73
245            <intent-filter>
245-->[:firebase_messaging] AndroidManifest.xml:30:13-32:29
246                <action android:name="com.google.android.c2dm.intent.RECEIVE" />
246-->[:firebase_messaging] AndroidManifest.xml:31:17-81
246-->[:firebase_messaging] AndroidManifest.xml:31:25-78
247            </intent-filter>
248
249            <meta-data
249-->[com.google.firebase:firebase-messaging:24.0.3] AndroidManifest.xml:37:13-39:40
250                android:name="com.google.android.gms.cloudmessaging.FINISHED_AFTER_HANDLED"
250-->[com.google.firebase:firebase-messaging:24.0.3] AndroidManifest.xml:38:17-92
251                android:value="true" />
251-->[com.google.firebase:firebase-messaging:24.0.3] AndroidManifest.xml:39:17-37
252        </receiver>
253        <!--
254             FirebaseMessagingService performs security checks at runtime,
255             but set to not exported to explicitly avoid allowing another app to call it.
256        -->
257        <service
257-->[com.google.firebase:firebase-messaging:24.0.3] AndroidManifest.xml:46:9-53:19
258            android:name="com.google.firebase.messaging.FirebaseMessagingService"
258-->[com.google.firebase:firebase-messaging:24.0.3] AndroidManifest.xml:47:13-82
259            android:directBootAware="true"
259-->[com.google.firebase:firebase-messaging:24.0.3] AndroidManifest.xml:48:13-43
260            android:exported="false" >
260-->[com.google.firebase:firebase-messaging:24.0.3] AndroidManifest.xml:49:13-37
261            <intent-filter android:priority="-500" >
261-->[:firebase_messaging] AndroidManifest.xml:21:13-23:29
262                <action android:name="com.google.firebase.MESSAGING_EVENT" />
262-->[:firebase_messaging] AndroidManifest.xml:22:17-78
262-->[:firebase_messaging] AndroidManifest.xml:22:25-75
263            </intent-filter>
264        </service>
265        <service
265-->[androidx.credentials:credentials-play-services-auth:1.2.0-rc01] AndroidManifest.xml:24:9-32:19
266            android:name="androidx.credentials.playservices.CredentialProviderMetadataHolder"
266-->[androidx.credentials:credentials-play-services-auth:1.2.0-rc01] AndroidManifest.xml:25:13-94
267            android:enabled="true"
267-->[androidx.credentials:credentials-play-services-auth:1.2.0-rc01] AndroidManifest.xml:26:13-35
268            android:exported="false" >
268-->[androidx.credentials:credentials-play-services-auth:1.2.0-rc01] AndroidManifest.xml:27:13-37
269            <meta-data
269-->[androidx.credentials:credentials-play-services-auth:1.2.0-rc01] AndroidManifest.xml:29:13-31:104
270                android:name="androidx.credentials.CREDENTIAL_PROVIDER_KEY"
270-->[androidx.credentials:credentials-play-services-auth:1.2.0-rc01] AndroidManifest.xml:30:17-76
271                android:value="androidx.credentials.playservices.CredentialProviderPlayServicesImpl" />
271-->[androidx.credentials:credentials-play-services-auth:1.2.0-rc01] AndroidManifest.xml:31:17-101
272        </service>
273
274        <activity
274-->[androidx.credentials:credentials-play-services-auth:1.2.0-rc01] AndroidManifest.xml:34:9-41:20
275            android:name="androidx.credentials.playservices.HiddenActivity"
275-->[androidx.credentials:credentials-play-services-auth:1.2.0-rc01] AndroidManifest.xml:35:13-76
276            android:configChanges="orientation|screenSize|screenLayout|keyboardHidden"
276-->[androidx.credentials:credentials-play-services-auth:1.2.0-rc01] AndroidManifest.xml:36:13-87
277            android:enabled="true"
277-->[androidx.credentials:credentials-play-services-auth:1.2.0-rc01] AndroidManifest.xml:37:13-35
278            android:exported="false"
278-->[androidx.credentials:credentials-play-services-auth:1.2.0-rc01] AndroidManifest.xml:38:13-37
279            android:fitsSystemWindows="true"
279-->[androidx.credentials:credentials-play-services-auth:1.2.0-rc01] AndroidManifest.xml:39:13-45
280            android:theme="@style/Theme.Hidden" >
280-->[androidx.credentials:credentials-play-services-auth:1.2.0-rc01] AndroidManifest.xml:40:13-48
281        </activity>
282        <activity
282-->[com.google.android.gms:play-services-auth:21.0.0] AndroidManifest.xml:23:9-27:75
283            android:name="com.google.android.gms.auth.api.signin.internal.SignInHubActivity"
283-->[com.google.android.gms:play-services-auth:21.0.0] AndroidManifest.xml:24:13-93